2024-07-07 22:04:24.382 [info] Log level: Info
2024-07-07 22:04:24.382 [info] Validating found git in: "git"
2024-07-07 22:04:24.382 [info] Using git "2.45.2" from "git"
2024-07-07 22:04:55.131 [info] Log level: Info
2024-07-07 22:04:55.131 [info] Validating found git in: "git"
2024-07-07 22:04:55.131 [info] Using git "2.45.2" from "git"
2024-07-07 22:04:55.131 [info] > git rev-parse --show-toplevel [12ms]
2024-07-07 22:04:55.131 [info] fatal: not a git repository (or any of the parent directories): .git
2024-07-07 22:05:03.077 [info] > git rev-parse --show-toplevel [1ms]
2024-07-07 22:05:03.077 [info] fatal: not a git repository (or any of the parent directories): .git
2024-07-07 22:05:17.893 [info] > git rev-parse --show-toplevel [6ms]
2024-07-07 22:05:17.893 [info] fatal: not a git repository (or any of the parent directories): .git
2024-07-07 22:05:31.533 [info] > git rev-parse --show-toplevel [3ms]
2024-07-07 22:05:31.533 [info] fatal: not a git repository (or any of the parent directories): .git
2024-07-07 22:05:44.525 [info] > git rev-parse --show-toplevel [2ms]
2024-07-07 22:05:44.525 [info] fatal: not a git repository (or any of the parent directories): .git
2024-07-07 22:05:50.926 [info] > git rev-parse --show-toplevel [3ms]
2024-07-07 22:05:50.926 [info] fatal: not a git repository (or any of the parent directories): .git
2024-07-07 22:05:58.069 [info] > git rev-parse --show-toplevel [1ms]
2024-07-07 22:05:58.069 [info] fatal: not a git repository (or any of the parent directories): .git
2024-07-07 22:06:17.646 [info] > git rev-parse --show-toplevel [2ms]
2024-07-07 22:06:17.646 [info] fatal: not a git repository (or any of the parent directories): .git
