2024-07-07 22:04:23.607 [info] Added views:workbench.panel.markers.view in workbench.panel.markers
2024-07-07 22:04:23.607 [info] Added views:workbench.panel.output in workbench.panel.output
2024-07-07 22:04:23.607 [info] Added views:terminal in terminal
2024-07-07 22:04:23.607 [info] Added views:outline in workbench.view.explorer
2024-07-07 22:04:23.607 [info] Added views:workbench.scm in workbench.view.scm
2024-07-07 22:04:23.607 [info] Added views:workbench.view.search in workbench.view.search
2024-07-07 22:04:23.607 [info] Added views:timeline in workbench.view.explorer
2024-07-07 22:04:23.607 [info] Added views:workbench.explorer.emptyView in workbench.view.explorer
2024-07-07 22:04:24.168 [info] Added views:workbench.debug.welcome in workbench.view.debug
2024-07-07 22:04:24.202 [info] Added views:workbench.panel.repl.view in workbench.panel.repl
2024-07-07 22:04:24.552 [info] Added views:~remote.forwardedPorts in ~remote.forwardedPortsContainer
2024-07-07 22:04:51.783 [info] Added views:workbench.panel.markers.view in workbench.panel.markers
2024-07-07 22:04:51.783 [info] Added views:workbench.panel.output in workbench.panel.output
2024-07-07 22:04:51.783 [info] Added views:terminal in terminal
2024-07-07 22:04:51.783 [info] Added views:outline in workbench.view.explorer
2024-07-07 22:04:51.783 [info] Added views:workbench.scm in workbench.view.scm
2024-07-07 22:04:51.783 [info] Added views:workbench.view.search in workbench.view.search
2024-07-07 22:04:51.783 [info] Added views:timeline in workbench.view.explorer
2024-07-07 22:04:51.783 [info] Added views:workbench.explorer.fileView in workbench.view.explorer
2024-07-07 22:04:52.263 [info] Added views:workbench.debug.variablesView,workbench.debug.watchExpressionsView,workbench.debug.callStackView,workbench.debug.breakPointsView in workbench.view.debug
2024-07-07 22:04:52.280 [info] Added views:workbench.panel.repl.view in workbench.panel.repl
2024-07-07 22:04:52.282 [info] Removed views:workbench.debug.breakPointsView,workbench.debug.callStackView,workbench.debug.watchExpressionsView,workbench.debug.variablesView from workbench.view.debug
2024-07-07 22:04:52.283 [info] Added views:workbench.debug.welcome in workbench.view.debug
2024-07-07 22:04:52.427 [info] Added views:~remote.forwardedPorts in ~remote.forwardedPortsContainer
