2024-07-07 22:04:24.109 [info] Extension host with pid 1584 started
2024-07-07 22:04:24.201 [info] ExtensionService#_doActivateExtension vscode.git-base, startup: true, activationEvent: '*', root cause: vscode.git
2024-07-07 22:04:24.269 [info] ExtensionService#_doActivateExtension vscode.git, startup: true, activationEvent: '*'
2024-07-07 22:04:24.300 [info] ExtensionService#_doActivateExtension vscode.github, startup: true, activationEvent: '*'
2024-07-07 22:04:24.380 [info] Eager extensions activated
2024-07-07 22:04:24.430 [info] ExtensionService#_doActivateExtension vscode.debug-auto-launch, startup: false, activationEvent: 'onStartupFinished'
2024-07-07 22:04:24.433 [info] ExtensionService#_doActivateExtension vscode.merge-conflict, startup: false, activationEvent: 'onStartupFinished'
2024-07-07 22:04:51.309 [info] Extension host terminating: renderer closed the MessagePort
2024-07-07 22:04:51.340 [info] Extension host with pid 1584 exiting with code 0
2024-07-07 22:04:52.245 [info] Extension host with pid 1661 started
2024-07-07 22:04:52.245 [info] Skipping acquiring lock for /home/antsin/.config/Code/User/workspaceStorage/b822fc9121573dbe9d50cc08dd0a870c.
2024-07-07 22:04:52.284 [info] ExtensionService#_doActivateExtension vscode.git-base, startup: true, activationEvent: '*'
2024-07-07 22:04:52.290 [info] ExtensionService#_doActivateExtension vscode.github, startup: true, activationEvent: '*'
2024-07-07 22:04:52.311 [info] Eager extensions activated
2024-07-07 22:04:52.320 [info] ExtensionService#_doActivateExtension vscode.debug-auto-launch, startup: false, activationEvent: 'onStartupFinished'
2024-07-07 22:04:52.323 [info] ExtensionService#_doActivateExtension vscode.merge-conflict, startup: false, activationEvent: 'onStartupFinished'
2024-07-07 22:04:55.039 [info] ExtensionService#_doActivateExtension vscode.git, startup: false, activationEvent: 'api', root cause: vscode.github
2024-07-07 22:05:03.149 [info] ExtensionService#_doActivateExtension vscode.emmet, startup: false, activationEvent: 'onLanguage'
2024-07-07 22:05:17.757 [info] ExtensionService#_doActivateExtension vscode.configuration-editing, startup: false, activationEvent: 'onLanguage:jsonc'
2024-07-07 22:05:17.764 [info] ExtensionService#_doActivateExtension vscode.json-language-features, startup: false, activationEvent: 'onLanguage:jsonc'
2024-07-07 22:05:17.797 [info] ExtensionService#_doActivateExtension vscode.typescript-language-features, startup: false, activationEvent: 'onLanguage:jsonc'
2024-07-07 22:06:52.919 [info] Extension host terminating: renderer closed the MessagePort
2024-07-07 22:06:52.969 [info] Extension host with pid 1661 exiting with code 0
